2020-06-27 16:32:42,980 [INFO] Activator:176 - 


2020-06-27 16:32:42,984 [INFO] Activator:177 - !SESSION log4j initialized
2020-06-27 16:46:43,394 [INFO] ApplicationProperties:181 - Using Application install path: D:\ST\STM32CubeIDE_1.2.0\STM32CubeIDE\plugins\com.st.stm32cube.common.mx_5.6.1.202004052303
2020-06-27 16:46:43,411 [INFO] DbMcusXml:72 - Set database path to: D:\ST\STM32CubeIDE_1.2.0\STM32CubeIDE\plugins\com.st.stm32cube.common.mx_5.6.1.202004052303\\db\/mcu/
2020-06-27 16:46:43,416 [INFO] DbBoardsPdsc:54 - Set plugin database path to: D:\ST\STM32CubeIDE_1.2.0\STM32CubeIDE\plugins\com.st.stm32cube.common.mx_5.6.1.202004052303\\db\/plugins/boardmanager/
2020-06-27 16:46:43,417 [INFO] DbMcus:235 - Set plugin images path to: D:\ST\STM32CubeIDE_1.2.0\STM32CubeIDE\plugins\com.st.stm32cube.common.mx_5.6.1.202004052303\\db\/plugins/mcufinder/images/
2020-06-27 16:46:43,417 [INFO] DbBoards:232 - Set plugin images path to: D:\ST\STM32CubeIDE_1.2.0\STM32CubeIDE\plugins\com.st.stm32cube.common.mx_5.6.1.202004052303\\db\/plugins/mcufinder/images/
2020-06-27 16:46:43,430 [INFO] DbMcusAds:85 - Set database path to: C:\Users\16330\.stmcufinder\plugins\mcufinder//mcu/
2020-06-27 16:46:43,431 [INFO] DbMcusDocs:108 - Set database path to: C:\Users\16330\.stmcufinder\plugins\mcufinder//mcu/
2020-06-27 16:46:43,433 [INFO] DbMcusJson:61 - Set database path to: C:\Users\16330\.stmcufinder\plugins\mcufinder//mcu/
2020-06-27 16:46:43,435 [INFO] DbBoardsDocs:97 - Set database path to: C:\Users\16330\.stmcufinder\plugins\mcufinder//mcu/
2020-06-27 16:46:43,437 [INFO] DbBoardsJson:51 - Set database path to: C:\Users\16330\.stmcufinder\plugins\mcufinder//mcu/
2020-06-27 16:46:43,476 [INFO] CrossReferenceDbSqlite:197 - Set database path to: C:\Users\16330\.stmcufinder\plugins\mcufinder//mcu/cs/
2020-06-27 16:46:43,617 [INFO] RulesReader:52 - Compatibility file has been processed (208 Rules)
2020-06-27 16:46:43,740 [INFO] MicroXplorer:570 - Detected Java Version = 1.8.0_202
2020-06-27 16:46:43,740 [INFO] DbMcusXml:72 - Set database path to: D:\ST\STM32CubeIDE_1.2.0\STM32CubeIDE\plugins\com.st.stm32cube.common.mx_5.6.1.202004052303\\db\/mcu/
2020-06-27 16:46:43,741 [INFO] DbBoardsPdsc:54 - Set plugin database path to: D:\ST\STM32CubeIDE_1.2.0\STM32CubeIDE\plugins\com.st.stm32cube.common.mx_5.6.1.202004052303\\db\/plugins/boardmanager/
2020-06-27 16:46:43,741 [INFO] DbMcus:235 - Set plugin images path to: D:\ST\STM32CubeIDE_1.2.0\STM32CubeIDE\plugins\com.st.stm32cube.common.mx_5.6.1.202004052303\\db\/plugins/mcufinder/images/
2020-06-27 16:46:43,742 [INFO] DbBoards:232 - Set plugin images path to: D:\ST\STM32CubeIDE_1.2.0\STM32CubeIDE\plugins\com.st.stm32cube.common.mx_5.6.1.202004052303\\db\/plugins/mcufinder/images/
2020-06-27 16:46:43,742 [WARN] DbFile:36 - Overriding database path with different value: C:\Users\16330\.stmcufinder\plugins\mcufinder/ => C:\Users\16330\.stmcufinder\plugins\mcufinder
2020-06-27 16:46:43,743 [INFO] DbMcusAds:85 - Set database path to: C:\Users\16330\.stmcufinder\plugins\mcufinder//mcu/
2020-06-27 16:46:43,743 [WARN] DbFile:36 - Overriding database path with different value: C:\Users\16330\.stmcufinder\plugins\mcufinder/ => C:\Users\16330\.stmcufinder\plugins\mcufinder
2020-06-27 16:46:43,744 [INFO] DbMcusDocs:108 - Set database path to: C:\Users\16330\.stmcufinder\plugins\mcufinder//mcu/
2020-06-27 16:46:43,744 [WARN] DbFile:36 - Overriding database path with different value: C:\Users\16330\.stmcufinder\plugins\mcufinder/ => C:\Users\16330\.stmcufinder\plugins\mcufinder
2020-06-27 16:46:43,744 [INFO] DbMcusJson:61 - Set database path to: C:\Users\16330\.stmcufinder\plugins\mcufinder//mcu/
2020-06-27 16:46:43,745 [WARN] DbFile:36 - Overriding database path with different value: C:\Users\16330\.stmcufinder\plugins\mcufinder/ => C:\Users\16330\.stmcufinder\plugins\mcufinder
2020-06-27 16:46:43,745 [INFO] DbBoardsDocs:97 - Set database path to: C:\Users\16330\.stmcufinder\plugins\mcufinder//mcu/
2020-06-27 16:46:43,745 [WARN] DbFile:36 - Overriding database path with different value: C:\Users\16330\.stmcufinder\plugins\mcufinder/ => C:\Users\16330\.stmcufinder\plugins\mcufinder
2020-06-27 16:46:43,746 [INFO] DbBoardsJson:51 - Set database path to: C:\Users\16330\.stmcufinder\plugins\mcufinder//mcu/
2020-06-27 16:46:43,746 [WARN] DbFile:36 - Overriding database path with different value: C:\Users\16330\.stmcufinder\plugins\mcufinder/ => C:\Users\16330\.stmcufinder\plugins\mcufinder
2020-06-27 16:46:43,747 [WARN] DbFile:36 - Overriding database path with different value: C:\Users\16330\.stmcufinder\plugins\mcufinder/ => C:\Users\16330\.stmcufinder\plugins\mcufinder
2020-06-27 16:46:43,747 [INFO] CrossReferenceDbSqlite:197 - Set database path to: C:\Users\16330\.stmcufinder\plugins\mcufinder//mcu/cs/
2020-06-27 16:46:43,841 [INFO] MainPanel:181 - HeapMemory: 465567744
2020-06-27 16:46:43,945 [INFO] DbMcusXml:72 - Set database path to: D:\ST\STM32CubeIDE_1.2.0\STM32CubeIDE\plugins\com.st.stm32cube.common.mx_5.6.1.202004052303\\db\/mcu/
2020-06-27 16:46:43,946 [INFO] DbBoardsPdsc:54 - Set plugin database path to: D:\ST\STM32CubeIDE_1.2.0\STM32CubeIDE\plugins\com.st.stm32cube.common.mx_5.6.1.202004052303\\db\/plugins/boardmanager/
2020-06-27 16:46:43,946 [INFO] DbMcus:235 - Set plugin images path to: D:\ST\STM32CubeIDE_1.2.0\STM32CubeIDE\plugins\com.st.stm32cube.common.mx_5.6.1.202004052303\\db\/plugins/mcufinder/images/
2020-06-27 16:46:43,947 [INFO] DbBoards:232 - Set plugin images path to: D:\ST\STM32CubeIDE_1.2.0\STM32CubeIDE\plugins\com.st.stm32cube.common.mx_5.6.1.202004052303\\db\/plugins/mcufinder/images/
2020-06-27 16:46:43,947 [WARN] DbFile:36 - Overriding database path with different value: C:\Users\16330\.stmcufinder\plugins\mcufinder/ => C:\Users\16330\.stmcufinder\plugins\mcufinder
2020-06-27 16:46:43,948 [INFO] DbMcusAds:85 - Set database path to: C:\Users\16330\.stmcufinder\plugins\mcufinder//mcu/
2020-06-27 16:46:43,948 [WARN] DbFile:36 - Overriding database path with different value: C:\Users\16330\.stmcufinder\plugins\mcufinder/ => C:\Users\16330\.stmcufinder\plugins\mcufinder
2020-06-27 16:46:43,949 [INFO] DbMcusDocs:108 - Set database path to: C:\Users\16330\.stmcufinder\plugins\mcufinder//mcu/
2020-06-27 16:46:43,949 [WARN] DbFile:36 - Overriding database path with different value: C:\Users\16330\.stmcufinder\plugins\mcufinder/ => C:\Users\16330\.stmcufinder\plugins\mcufinder
2020-06-27 16:46:43,949 [INFO] DbMcusJson:61 - Set database path to: C:\Users\16330\.stmcufinder\plugins\mcufinder//mcu/
2020-06-27 16:46:43,950 [WARN] DbFile:36 - Overriding database path with different value: C:\Users\16330\.stmcufinder\plugins\mcufinder/ => C:\Users\16330\.stmcufinder\plugins\mcufinder
2020-06-27 16:46:43,950 [INFO] DbBoardsDocs:97 - Set database path to: C:\Users\16330\.stmcufinder\plugins\mcufinder//mcu/
2020-06-27 16:46:43,950 [WARN] DbFile:36 - Overriding database path with different value: C:\Users\16330\.stmcufinder\plugins\mcufinder/ => C:\Users\16330\.stmcufinder\plugins\mcufinder
2020-06-27 16:46:43,950 [INFO] DbBoardsJson:51 - Set database path to: C:\Users\16330\.stmcufinder\plugins\mcufinder//mcu/
2020-06-27 16:46:43,951 [WARN] DbFile:36 - Overriding database path with different value: C:\Users\16330\.stmcufinder\plugins\mcufinder/ => C:\Users\16330\.stmcufinder\plugins\mcufinder
2020-06-27 16:46:43,951 [WARN] DbFile:36 - Overriding database path with different value: C:\Users\16330\.stmcufinder\plugins\mcufinder/ => C:\Users\16330\.stmcufinder\plugins\mcufinder
2020-06-27 16:46:43,951 [INFO] CrossReferenceDbSqlite:197 - Set database path to: C:\Users\16330\.stmcufinder\plugins\mcufinder//mcu/cs/
2020-06-27 16:46:43,974 [INFO] ApplicationProperties:181 - Using Application install path: D:\ST\STM32CubeIDE_1.2.0\STM32CubeIDE\plugins\com.st.stm32cube.common.mx_5.6.1.202004052303
2020-06-27 16:46:43,976 [INFO] PluginManage:178 - Search for loadable plugins [exclusion list=, tutovideos]
2020-06-27 16:46:43,977 [INFO] PluginManage:292 - Check plugin analytics
2020-06-27 16:46:43,984 [INFO] PluginManage:342 - Loaded plugin analytics (category:tool,tabindex:-1)
2020-06-27 16:46:43,984 [INFO] PluginManage:292 - Check plugin clock
2020-06-27 16:46:43,996 [INFO] PluginManage:342 - Loaded plugin clock (category:base,tabindex:2)
2020-06-27 16:46:43,996 [INFO] PluginManage:292 - Check plugin ddr
2020-06-27 16:46:43,999 [INFO] PluginManage:342 - Loaded plugin ddr (category:tool,tabindex:6)
2020-06-27 16:46:44,000 [INFO] PluginManage:292 - Check plugin filemanager
2020-06-27 16:46:44,329 [INFO] PluginManage:342 - Loaded plugin filemanager (category:base,tabindex:10)
2020-06-27 16:46:44,329 [INFO] PluginManage:292 - Check plugin ipmanager
2020-06-27 16:46:44,342 [INFO] PluginManage:342 - Loaded plugin ipmanager (category:base,tabindex:5)
2020-06-27 16:46:44,342 [INFO] PluginManage:292 - Check plugin pinoutandconfiguration
2020-06-27 16:46:44,356 [INFO] PluginManage:342 - Loaded plugin pinoutandconfiguration (category:base,tabindex:1)
2020-06-27 16:46:44,356 [INFO] PluginManage:292 - Check plugin pinoutconfig
2020-06-27 16:46:44,391 [INFO] PluginManage:342 - Loaded plugin pinoutconfig (category:base,tabindex:0)
2020-06-27 16:46:44,392 [INFO] PluginManage:292 - Check plugin power
2020-06-27 16:46:44,401 [INFO] PluginManage:342 - Loaded plugin power (category:power,tabindex:4)
2020-06-27 16:46:44,402 [INFO] PluginManage:292 - Check plugin projectmanager
2020-06-27 16:46:44,422 [INFO] PluginManage:342 - Loaded plugin projectmanager (category:projectmanager,tabindex:3)
2020-06-27 16:46:44,423 [INFO] PluginManage:292 - Check plugin thirdparty
2020-06-27 16:46:44,492 [INFO] ThirdPartyDb:295 - Open Third Party DataBase File (C:/Users/16330/.stm32cubemx/plugins/thirdparty/db/thirdparties_db.xml) : 36 ms. number of Sw pack : 18
2020-06-27 16:46:44,522 [INFO] PluginManage:342 - Loaded plugin thirdparty (category:base,tabindex:-1)
2020-06-27 16:46:44,523 [INFO] PluginManage:292 - Check plugin tools
2020-06-27 16:46:44,526 [INFO] PluginManage:342 - Loaded plugin tools (category:base,tabindex:7)
2020-06-27 16:46:44,526 [INFO] PluginManage:292 - Check plugin tutovideos
2020-06-27 16:46:44,527 [INFO] PluginManage:347 - Ignore plugin tutovideos (category:base)
2020-06-27 16:46:44,527 [INFO] PluginManage:292 - Check plugin updater
2020-06-27 16:46:44,541 [INFO] PluginManage:342 - Loaded plugin updater (category:base,tabindex:12)
2020-06-27 16:46:44,542 [INFO] PluginManage:265 - PluginManage : Loaded plugins [12]
2020-06-27 16:46:44,767 [INFO] PinOutPanel:1420 - setPackage(No Configuration,No Configuration)
2020-06-27 16:46:44,906 [INFO] IPUIPlugin:65 - create IPUIPlugin
2020-06-27 16:46:44,906 [INFO] PluginManager:200 - loadIPPluginJar : add adc
2020-06-27 16:46:44,909 [INFO] IPUIPlugin:65 - create IPUIPlugin
2020-06-27 16:46:44,909 [INFO] PluginManager:200 - loadIPPluginJar : add aes
2020-06-27 16:46:44,912 [INFO] IPUIPlugin:65 - create IPUIPlugin
2020-06-27 16:46:44,913 [INFO] PluginManager:200 - loadIPPluginJar : add can
2020-06-27 16:46:44,915 [INFO] IPUIPlugin:65 - create IPUIPlugin
2020-06-27 16:46:44,915 [INFO] PluginManager:200 - loadIPPluginJar : add comp
2020-06-27 16:46:44,917 [INFO] IPUIPlugin:65 - create IPUIPlugin
2020-06-27 16:46:44,918 [INFO] PluginManager:200 - loadIPPluginJar : add cryp
2020-06-27 16:46:44,922 [INFO] IPUIPlugin:65 - create IPUIPlugin
2020-06-27 16:46:44,922 [INFO] PluginManager:200 - loadIPPluginJar : add dfsdm
2020-06-27 16:46:44,928 [INFO] IPUIPlugin:65 - create IPUIPlugin
2020-06-27 16:46:44,929 [INFO] PluginManager:200 - loadIPPluginJar : add dma
2020-06-27 16:46:44,931 [INFO] IPUIPlugin:65 - create IPUIPlugin
2020-06-27 16:46:44,931 [INFO] PluginManager:200 - loadIPPluginJar : add fatfs
2020-06-27 16:46:44,936 [INFO] IPUIPlugin:65 - create IPUIPlugin
2020-06-27 16:46:44,937 [INFO] PluginManager:200 - loadIPPluginJar : add fmc
2020-06-27 16:46:44,944 [INFO] IPUIPlugin:65 - create IPUIPlugin
2020-06-27 16:46:44,944 [INFO] PluginManager:200 - loadIPPluginJar : add freertos
2020-06-27 16:46:44,947 [INFO] IPUIPlugin:65 - create IPUIPlugin
2020-06-27 16:46:44,947 [INFO] PluginManager:200 - loadIPPluginJar : add genericplugin
2020-06-27 16:46:44,949 [INFO] IPUIPlugin:65 - create IPUIPlugin
2020-06-27 16:46:44,950 [INFO] PluginManager:200 - loadIPPluginJar : add gfxmmu
2020-06-27 16:46:44,956 [INFO] IPUIPlugin:65 - create IPUIPlugin
2020-06-27 16:46:44,957 [INFO] PluginManager:200 - loadIPPluginJar : add gic
2020-06-27 16:46:44,961 [INFO] IPUIPlugin:65 - create IPUIPlugin
2020-06-27 16:46:44,962 [INFO] PluginManager:200 - loadIPPluginJar : add gpio
2020-06-27 16:46:44,964 [INFO] IPUIPlugin:65 - create IPUIPlugin
2020-06-27 16:46:44,965 [INFO] PluginManager:200 - loadIPPluginJar : add gtzc
2020-06-27 16:46:44,968 [INFO] IPUIPlugin:65 - create IPUIPlugin
2020-06-27 16:46:44,968 [INFO] PluginManager:200 - loadIPPluginJar : add hash
2020-06-27 16:46:44,972 [INFO] IPUIPlugin:65 - create IPUIPlugin
2020-06-27 16:46:44,973 [INFO] PluginManager:200 - loadIPPluginJar : add i2c
2020-06-27 16:46:44,976 [INFO] IPUIPlugin:65 - create IPUIPlugin
2020-06-27 16:46:44,976 [INFO] PluginManager:200 - loadIPPluginJar : add i2s
2020-06-27 16:46:44,979 [INFO] IPUIPlugin:65 - create IPUIPlugin
2020-06-27 16:46:44,979 [INFO] PluginManager:200 - loadIPPluginJar : add ipddr
2020-06-27 16:46:44,981 [INFO] IPUIPlugin:65 - create IPUIPlugin
2020-06-27 16:46:44,982 [INFO] PluginManager:200 - loadIPPluginJar : add ltdc
2020-06-27 16:46:44,986 [INFO] IPUIPlugin:65 - create IPUIPlugin
2020-06-27 16:46:44,987 [INFO] PluginManager:200 - loadIPPluginJar : add mdma
2020-06-27 16:46:44,991 [INFO] IPUIPlugin:65 - create IPUIPlugin
2020-06-27 16:46:44,992 [INFO] PluginManager:200 - loadIPPluginJar : add nvic
2020-06-27 16:46:44,995 [INFO] IPUIPlugin:65 - create IPUIPlugin
2020-06-27 16:46:44,995 [INFO] PluginManager:200 - loadIPPluginJar : add opamp
2020-06-27 16:46:45,000 [INFO] IPUIPlugin:65 - create IPUIPlugin
2020-06-27 16:46:45,000 [INFO] PluginManager:200 - loadIPPluginJar : add pdm2pcm
2020-06-27 16:46:45,009 [INFO] IPUIPlugin:65 - create IPUIPlugin
2020-06-27 16:46:45,014 [INFO] PluginManager:200 - loadIPPluginJar : add plateformsettings
2020-06-27 16:46:45,016 [INFO] IPUIPlugin:65 - create IPUIPlugin
2020-06-27 16:46:45,017 [INFO] PluginManager:200 - loadIPPluginJar : add quadspi
2020-06-27 16:46:45,022 [INFO] IPUIPlugin:65 - create IPUIPlugin
2020-06-27 16:46:45,023 [INFO] PluginManager:200 - loadIPPluginJar : add resmgrutility
2020-06-27 16:46:45,027 [INFO] IPUIPlugin:65 - create IPUIPlugin
2020-06-27 16:46:45,027 [INFO] PluginManager:200 - loadIPPluginJar : add sai
2020-06-27 16:46:45,032 [INFO] IPUIPlugin:65 - create IPUIPlugin
2020-06-27 16:46:45,032 [INFO] PluginManager:200 - loadIPPluginJar : add spi
2020-06-27 16:46:45,039 [INFO] IPUIPlugin:65 - create IPUIPlugin
2020-06-27 16:46:45,039 [INFO] PluginManager:200 - loadIPPluginJar : add stm32_wpan
2020-06-27 16:46:45,042 [INFO] IPUIPlugin:65 - create IPUIPlugin
2020-06-27 16:46:45,042 [INFO] PluginManager:200 - loadIPPluginJar : add tim
2020-06-27 16:46:45,046 [INFO] IPUIPlugin:65 - create IPUIPlugin
2020-06-27 16:46:45,047 [INFO] PluginManager:200 - loadIPPluginJar : add touchsensing
2020-06-27 16:46:45,049 [INFO] IPUIPlugin:65 - create IPUIPlugin
2020-06-27 16:46:45,050 [INFO] PluginManager:200 - loadIPPluginJar : add tracer_emb
2020-06-27 16:46:45,053 [INFO] IPUIPlugin:65 - create IPUIPlugin
2020-06-27 16:46:45,053 [INFO] PluginManager:200 - loadIPPluginJar : add ts
2020-06-27 16:46:45,056 [INFO] IPUIPlugin:65 - create IPUIPlugin
2020-06-27 16:46:45,056 [INFO] PluginManager:200 - loadIPPluginJar : add tsc
2020-06-27 16:46:45,058 [INFO] IPUIPlugin:65 - create IPUIPlugin
2020-06-27 16:46:45,058 [INFO] PluginManager:200 - loadIPPluginJar : add ucpd
2020-06-27 16:46:45,061 [INFO] IPUIPlugin:65 - create IPUIPlugin
2020-06-27 16:46:45,061 [INFO] PluginManager:200 - loadIPPluginJar : add usart
2020-06-27 16:46:46,315 [INFO] BoardConnectionPanel:3472 - [DDR PANEL] STM32CubeIDE environment
2020-06-27 16:46:46,316 [INFO] MainDdrPanel:103 - [DDR PANEL] GETTER - cubeProgrammerPath is: null
2020-06-27 16:46:46,544 [FATAL] Updater:277 - Updater called before beeing initialized
2020-06-27 16:46:46,822 [FATAL] Updater:277 - Updater called before beeing initialized
2020-06-27 16:46:46,827 [INFO] PinOutPanel:1420 - setPackage(No Configuration,No Configuration)
2020-06-27 16:46:46,828 [FATAL] Updater:277 - Updater called before beeing initialized
2020-06-27 16:46:46,833 [INFO] BoardConnectionPanel:3472 - [DDR PANEL] STM32CubeIDE environment
2020-06-27 16:46:46,834 [INFO] MainDdrPanel:103 - [DDR PANEL] GETTER - cubeProgrammerPath is: D:\ST\STM32CubeIDE_1.2.0\STM32CubeIDE\plugins\com.st.stm32cube.ide.mcu.externaltools.cubeprogrammer.win32_1.3.0.202002181050\tools\bin
2020-06-27 16:46:46,841 [INFO] ProgrammerExecThread:148 - [ProgrammerAPI] CubeProgrammer command construction: D:\ST\STM32CubeIDE_1.2.0\STM32CubeIDE\plugins\com.st.stm32cube.ide.mcu.externaltools.cubeprogrammer.win32_1.3.0.202002181050\tools\bin\STM32_Programmer_CLI.exe -l
2020-06-27 16:46:47,043 [INFO] MainDdrPanel:93 - [DDR PANEL] SETTER - Set cubeProgrammerPath to: D:\ST\STM32CubeIDE_1.2.0\STM32CubeIDE\plugins\com.st.stm32cube.ide.mcu.externaltools.cubeprogrammer.win32_1.3.0.202002181050\tools\bin
2020-06-27 16:46:47,050 [INFO] Updater:886 - Updater Version found : 5.6.1
2020-06-27 16:46:47,072 [INFO] ApplicationProperties:181 - Using Application install path: D:\ST\STM32CubeIDE_1.2.0\STM32CubeIDE\plugins\com.st.stm32cube.common.mx_5.6.1.202004052303
2020-06-27 16:46:47,136 [INFO] MainUpdater:452 - Copy updater definitions from MX database
2020-06-27 16:46:47,286 [INFO] MainUpdater:2230 - connection check result : 10
2020-06-27 16:46:47,288 [INFO] MainUpdater:2874 - Updater definition file requires update
2020-06-27 16:46:47,290 [INFO] MainUpdater:236 - Updater Check For Update Now.
2020-06-27 16:46:47,290 [INFO] MicroXplorer:420 - Change Database Version : DB.5.0.60
2020-06-27 16:46:47,325 [INFO] ServerAccessManage:348 - Download File updaters.zip
2020-06-27 16:46:47,389 [INFO] FileExtend:225 - Unzip File : updaters.zip
2020-06-27 16:46:47,389 [INFO] FileExtend:240 - Standard Zip Deflate
2020-06-27 16:46:47,504 [WARN] MainUpdater:1073 - Updater busy. Cannot search thirdparties
2020-06-27 16:46:47,811 [INFO] ServerAccessManage:348 - Download File PacksControlFlags.xml
2020-06-27 16:46:47,887 [INFO] ServerAccessManage:348 - Download File cubemx.pidx
2020-06-27 16:46:47,980 [INFO] LoadServerUpdatesThread:301 - End of LoadServerUpdate Thread
2020-06-27 16:46:48,037 [INFO] CheckServerUpdateThread:92 - End of CheckServer Thread
2020-06-27 16:46:48,102 [INFO] MainUpdater:2230 - connection check result : 10
2020-06-27 16:46:48,291 [INFO] MicroXplorer:390 - Change Database Path : 
2020-06-27 16:46:48,292 [INFO] MicroXplorer:420 - Change Database Version : DB.5.0.60
2020-06-27 16:46:48,296 [INFO] PinOutPanel:1420 - setPackage(No Configuration,No Configuration)
2020-06-27 16:46:48,296 [INFO] UtilMem:74 - Begin LoadConfig() Used Memory: 251331280 Bytes (808452096)
2020-06-27 16:46:50,682 [INFO] ThirdPartyDb:261 - Close Third Party DataBase File (C:/Users/16330/.stm32cubemx/plugins/thirdparty/db/thirdparties_db.xml)
2020-06-27 16:46:50,720 [INFO] IntegrityCheckThread:98 - End integrity checks thread
2020-06-27 16:47:16,932 [INFO] ServerAccessManage:348 - Download File stm32cube_db_v5050.zip
2020-06-27 16:47:17,802 [INFO] FileExtend:225 - Unzip File : stm32cube_db_v5050.zip
2020-06-27 16:47:17,805 [INFO] FileExtend:240 - Standard Zip Deflate
2020-06-27 16:47:24,090 [INFO] LoadServerPackagesThread:160 - End of LoadServerPackages Thread
2020-06-27 16:47:24,124 [INFO] CheckServerUpdateThread:92 - End of CheckServer Thread
2020-06-27 16:47:24,183 [INFO] MicroXplorer:390 - Change Database Path : C:/Users/16330/.stm32cubemx/databases/DB.5.0.50/db/
2020-06-27 16:47:24,184 [INFO] MicroXplorer:420 - Change Database Version : DB.5.0.50
2020-06-27 16:47:24,184 [INFO] OpenFileManager:274 - Change cursor
2020-06-27 16:47:26,257 [INFO] ImportTextPane:162 - (OptionalMessage_ERROR) IP (RCC) : Parameter (ADCFreqValue) has invalid value (36000000)
2020-06-27 16:47:26,257 [INFO] ImportTextPane:162 - (OptionalMessage_ERROR) IP (RCC) : Invalid parameter (FamilyName)
2020-06-27 16:47:26,258 [INFO] ImportTextPane:162 - (OptionalMessage_ERROR) IP (RCC) : Parameter (MCOFreq_Value) has invalid value (72000000)
2020-06-27 16:47:26,258 [INFO] ImportTextPane:162 - (OptionalMessage_ERROR) IP (RCC) : Parameter (USBFreq_Value) has invalid value (72000000)
2020-06-27 16:47:26,982 [INFO] UtilMem:74 - End LoadConfig() Used Memory: 338380928 Bytes (1073741824)
2020-06-27 16:47:26,983 [INFO] DbMcusXml:110 - Load MCU database from D:\ST\STM32CubeIDE_1.2.0\STM32CubeIDE\plugins\com.st.stm32cube.common.mx_5.6.1.202004052303\\db\/mcu/families.xml
2020-06-27 16:47:27,483 [INFO] DbMcusJson:90 - JSON generation date=Wed Jun 03 23:10:31 CST 2020 (1591197031)
2020-06-27 16:47:28,406 [INFO] DbMcus:171 - Found 1670 MCUs (1625 are supported by CubeMX, 1625 are visible in CubeMX)
2020-06-27 16:47:28,408 [INFO] ApiDb:158 - Load user favorites file C:\Users\16330/.stm32cubemx/favorites.mcus.txt: 0 item(s)
2020-06-27 16:47:28,408 [INFO] ApiDb:163 - User favorites MCUs=[]
2020-06-27 16:47:28,409 [INFO] DbMcus:183 - Set 0 / 0 favorites MCUs
2020-06-27 16:47:28,431 [INFO] ThirdPartyDb:295 - Open Third Party DataBase File (C:/Users/16330/.stm32cubemx/plugins/thirdparty/db/thirdparties_db.xml) : 9 ms. number of Sw pack : 18
2020-06-27 16:47:28,455 [INFO] DependencyParser:785 - This component is not compatible with the current MCU : [1579480985083]
2020-06-27 16:47:28,456 [INFO] ThirdPartyModel:521 - Component with status : MCU_INCOMPATIBLE for condition : OS Tick GTIM id : 1579480984410
2020-06-27 16:47:28,458 [INFO] DependencyParser:785 - This component is not compatible with the current MCU : [1579480987659, 1579480985166]
2020-06-27 16:47:28,679 [INFO] ThirdParty:899 - CMSIS Pack Vendor :STMicroelectronics X-CUBE-BLE1 5.0.0
2020-06-27 16:47:28,679 [INFO] ThirdParty:899 - CMSIS Pack Vendor :STMicroelectronics X-CUBE-SUBG2 1.1.0
2020-06-27 16:47:28,680 [INFO] ThirdParty:899 - CMSIS Pack Vendor :STMicroelectronics X-CUBE-GNSS1 4.1.0
2020-06-27 16:47:28,680 [INFO] ThirdParty:899 - CMSIS Pack Vendor :STMicroelectronics X-CUBE-SUBG2 1.0.0
2020-06-27 16:47:28,680 [INFO] ThirdParty:899 - CMSIS Pack Vendor :ARM CMSIS 5.6.0
2020-06-27 16:47:28,681 [INFO] ThirdParty:899 - CMSIS Pack Vendor :STMicroelectronics X-CUBE-GNSS1 4.0.0
2020-06-27 16:47:28,681 [INFO] ThirdParty:899 - CMSIS Pack Vendor :STMicroelectronics X-CUBE-NFC4 1.5.1
2020-06-27 16:47:28,681 [INFO] ThirdParty:899 - CMSIS Pack Vendor :STMicroelectronics FreeRTOS 0.0.1
2020-06-27 16:47:28,681 [INFO] ThirdParty:899 - CMSIS Pack Vendor :STMicroelectronics X-CUBE-ALGOBUILD 1.0.0
2020-06-27 16:47:28,681 [INFO] ThirdParty:899 - CMSIS Pack Vendor :STMicroelectronics X-CUBE-BLE1 4.4.0
2020-06-27 16:47:28,682 [INFO] ThirdParty:899 - CMSIS Pack Vendor :STMicroelectronics X-CUBE-MEMS1 7.0.0
2020-06-27 16:47:28,682 [INFO] ThirdParty:899 - CMSIS Pack Vendor :STMicroelectronics X-CUBE-NFC4 1.5.2
2020-06-27 16:47:28,682 [INFO] ThirdParty:899 - CMSIS Pack Vendor :STMicroelectronics X-CUBE-MEMS1 7.1.0
2020-06-27 16:47:28,682 [INFO] ThirdParty:899 - CMSIS Pack Vendor :STMicroelectronics X-CUBE-MEMS1 7.2.0
2020-06-27 16:47:28,683 [INFO] ThirdParty:899 - CMSIS Pack Vendor :STMicroelectronics X-CUBE-BLE2 1.0.0
2020-06-27 16:47:29,116 [INFO] PinOutPanel:1420 - setPackage(No Configuration,No Configuration)
2020-06-27 16:47:29,119 [INFO] PinOutPanel:1420 - setPackage(STM32F103ZETx,LQFP144)
2020-06-27 16:47:29,726 [INFO] UtilMem:74 - Before build in PCC Used Memory: 517314808 Bytes (1073741824)
2020-06-27 16:47:30,193 [INFO] SharedServices:71 - Folder for power plug-in: C:/Users/16330/.stm32cubemx/plugins/power
2020-06-27 16:47:30,246 [INFO] SharedServices:71 - Folder for power plug-in: C:/Users/16330/.stm32cubemx/plugins/power
2020-06-27 16:47:30,297 [INFO] SharedServices:71 - Folder for power plug-in: C:/Users/16330/.stm32cubemx/plugins/power
2020-06-27 16:47:30,304 [INFO] SharedServices:71 - Folder for power plug-in: C:/Users/16330/.stm32cubemx/plugins/power
2020-06-27 16:47:30,579 [INFO] UtilMem:74 - After build in PCC Used Memory: 574621576 Bytes (1073741824)
2020-06-27 16:47:30,604 [INFO] IPUIPlugin:65 - create IPUIPlugin
2020-06-27 16:47:30,604 [INFO] IPUIPlugin:65 - create IPUIPlugin
2020-06-27 16:47:30,604 [INFO] IPUIPlugin:65 - create IPUIPlugin
2020-06-27 16:47:30,605 [INFO] IPUIPlugin:65 - create IPUIPlugin
2020-06-27 16:47:30,605 [INFO] IPUIPlugin:65 - create IPUIPlugin
2020-06-27 16:47:30,605 [INFO] IPUIPlugin:65 - create IPUIPlugin
2020-06-27 16:47:30,605 [INFO] IPUIPlugin:65 - create IPUIPlugin
2020-06-27 16:47:30,605 [INFO] IPUIPlugin:65 - create IPUIPlugin
2020-06-27 16:47:30,605 [INFO] IPUIPlugin:65 - create IPUIPlugin
2020-06-27 16:47:30,605 [INFO] IPUIPlugin:65 - create IPUIPlugin
2020-06-27 16:47:30,606 [INFO] IPUIPlugin:65 - create IPUIPlugin
2020-06-27 16:47:30,606 [INFO] IPUIPlugin:65 - create IPUIPlugin
2020-06-27 16:47:30,606 [INFO] IPUIPlugin:65 - create IPUIPlugin
2020-06-27 16:47:30,606 [INFO] IPUIPlugin:65 - create IPUIPlugin
2020-06-27 16:47:30,606 [INFO] IPUIPlugin:65 - create IPUIPlugin
2020-06-27 16:47:30,606 [INFO] IPUIPlugin:65 - create IPUIPlugin
2020-06-27 16:47:30,606 [INFO] IPUIPlugin:65 - create IPUIPlugin
2020-06-27 16:47:30,607 [INFO] IPUIPlugin:65 - create IPUIPlugin
2020-06-27 16:47:30,607 [INFO] IPUIPlugin:65 - create IPUIPlugin
2020-06-27 16:47:30,607 [INFO] IPUIPlugin:65 - create IPUIPlugin
2020-06-27 16:47:30,607 [INFO] IPUIPlugin:65 - create IPUIPlugin
2020-06-27 16:47:30,607 [INFO] IPUIPlugin:65 - create IPUIPlugin
2020-06-27 16:47:30,607 [INFO] IPUIPlugin:65 - create IPUIPlugin
2020-06-27 16:47:30,607 [INFO] IPUIPlugin:65 - create IPUIPlugin
2020-06-27 16:47:30,608 [INFO] IPUIPlugin:65 - create IPUIPlugin
2020-06-27 16:47:30,608 [INFO] IPUIPlugin:65 - create IPUIPlugin
2020-06-27 16:47:30,608 [INFO] IPUIPlugin:65 - create IPUIPlugin
2020-06-27 16:47:30,608 [INFO] IPUIPlugin:65 - create IPUIPlugin
2020-06-27 16:47:30,608 [INFO] IPUIPlugin:65 - create IPUIPlugin
2020-06-27 16:47:30,608 [INFO] IPUIPlugin:65 - create IPUIPlugin
2020-06-27 16:47:30,608 [INFO] IPUIPlugin:65 - create IPUIPlugin
2020-06-27 16:47:30,609 [INFO] IPUIPlugin:65 - create IPUIPlugin
2020-06-27 16:47:30,609 [INFO] IPUIPlugin:65 - create IPUIPlugin
2020-06-27 16:47:30,610 [INFO] IPUIPlugin:65 - create IPUIPlugin
2020-06-27 16:47:30,610 [INFO] IPUIPlugin:65 - create IPUIPlugin
2020-06-27 16:47:30,610 [INFO] IPUIPlugin:65 - create IPUIPlugin
2020-06-27 16:47:30,611 [INFO] IPUIPlugin:65 - create IPUIPlugin
2020-06-27 16:47:30,611 [INFO] IPUIPlugin:65 - create IPUIPlugin
2020-06-27 16:47:30,611 [INFO] IPUIPlugin:65 - create IPUIPlugin
2020-06-27 16:47:30,612 [INFO] IPUIPlugin:65 - create IPUIPlugin
2020-06-27 16:47:30,655 [INFO] LogOutputStream:76 - [STDOUT_REDIRECT] toolchainItems.length=====1
2020-06-27 16:47:30,769 [INFO] OpenFileManager:294 - Restore cursor
2020-06-27 16:51:10,347 [ERROR] LogOutputStream:74 - [STDERR_REDIRECT] Warning: NLS unused message: EnvironmentTab_New_4 in: org.eclipse.debug.internal.ui.launchConfigurations.LaunchConfigurationsMessages
